<?xml version="1.0" encoding="UTF-8"?>
<!-- Generated by org.testng.reporters.JUnitXMLReporter -->
<testsuite hostname="DESKTOP-0NBTN0A" ignored="0" name="Test" tests="6" failures="0" timestamp="26 Feb 2020 15:54:40 GMT" time="0.099" errors="0">
  <testcase name="BrowserAutomation" time="0.037" classname="qaclickacademy.SeleniumTest"/>
  <testcase name="elementUi" time="0.0" classname="qaclickacademy.SeleniumTest"/>
  <testcase name="deleteTwitter" time="0.0" classname="qaclickacademy.RESTAPITest"/>
  <testcase name="postJira" time="0.0" classname="qaclickacademy.RESTAPITest"/>
  <testcase name="IOSApps" time="0.015" classname="qaclickacademy.AppiumTest"/>
  <testcase name="NativeAppANdroid" time="0.0" classname="qaclickacademy.AppiumTest"/>
</testsuite> <!-- Test -->
