<?xml version="1.0" encoding="UTF-8"?>
<testng-results skipped="0" failed="0" ignored="0" total="6" passed="6">
  <reporter-output>
  </reporter-output>
  <suite name="Suite" duration-ms="99" started-at="2020-02-26T15:54:40Z" finished-at="2020-02-26T15:54:40Z">
    <groups>
    </groups>
    <test name="Test" duration-ms="99" started-at="2020-02-26T15:54:40Z" finished-at="2020-02-26T15:54:40Z">
      <class name="qaclickacademy.AppiumTest">
        <test-method status="PASS" signature="IOSApps()[pri:0, instance:qaclickacademy.AppiumTest@9f70c54]" name="IOSApps" duration-ms="15" started-at="2020-02-26T15:54:40Z" finished-at="2020-02-26T15:54:40Z">
          <reporter-output>
          </reporter-output>
        </test-method> <!-- IOSApps -->
        <test-method status="PASS" signature="NativeAppANdroid()[pri:0, instance:qaclickacademy.AppiumTest@9f70c54]" name="NativeAppANdroid" duration-ms="0" started-at="2020-02-26T15:54:40Z" finished-at="2020-02-26T15:54:40Z">
          <reporter-output>
          </reporter-output>
        </test-method> <!-- NativeAppANdroid -->
      </class> <!-- qaclickacademy.AppiumTest -->
      <class name="qaclickacademy.RESTAPITest">
        <test-method status="PASS" signature="deleteTwitter()[pri:0, instance:qaclickacademy.RESTAPITest@2096442d]" name="deleteTwitter" duration-ms="0" started-at="2020-02-26T15:54:40Z" finished-at="2020-02-26T15:54:40Z">
          <reporter-output>
          </reporter-output>
        </test-method> <!-- deleteTwitter -->
        <test-method status="PASS" signature="postJira()[pri:0, instance:qaclickacademy.RESTAPITest@2096442d]" name="postJira" duration-ms="0" started-at="2020-02-26T15:54:40Z" finished-at="2020-02-26T15:54:40Z">
          <reporter-output>
          </reporter-output>
        </test-method> <!-- postJira -->
      </class> <!-- qaclickacademy.RESTAPITest -->
      <class name="qaclickacademy.SeleniumTest">
        <test-method status="PASS" signature="BrowserAutomation()[pri:0, instance:qaclickacademy.SeleniumTest@2c9f9fb0]" name="BrowserAutomation" duration-ms="37" started-at="2020-02-26T15:54:40Z" finished-at="2020-02-26T15:54:40Z">
          <reporter-output>
          </reporter-output>
        </test-method> <!-- BrowserAutomation -->
        <test-method status="PASS" signature="elementUi()[pri:0, instance:qaclickacademy.SeleniumTest@2c9f9fb0]" name="elementUi" duration-ms="0" started-at="2020-02-26T15:54:40Z" finished-at="2020-02-26T15:54:40Z">
          <reporter-output>
          </reporter-output>
        </test-method> <!-- elementUi -->
      </class> <!-- qaclickacademy.SeleniumTest -->
    </test> <!-- Test -->
  </suite> <!-- Suite -->
</testng-results>
