<?xml version="1.0" encoding="UTF-8"?>
<testng-results skipped="0" failed="0" ignored="0" total="2" passed="2">
  <reporter-output>
  </reporter-output>
  <suite name="Suite" duration-ms="80" started-at="2020-02-26T18:10:30Z" finished-at="2020-02-26T18:10:30Z">
    <groups>
    </groups>
    <test name="Test" duration-ms="80" started-at="2020-02-26T18:10:30Z" finished-at="2020-02-26T18:10:30Z">
      <class name="qaclickacademy.SeleniumTest">
        <test-method status="PASS" signature="BrowserAutomation()[pri:0, instance:qaclickacademy.SeleniumTest@91161c7]" name="BrowserAutomation" duration-ms="19" started-at="2020-02-26T18:10:30Z" finished-at="2020-02-26T18:10:30Z">
          <reporter-output>
          </reporter-output>
        </test-method> <!-- BrowserAutomation -->
        <test-method status="PASS" signature="elementUi()[pri:0, instance:qaclickacademy.SeleniumTest@91161c7]" name="elementUi" duration-ms="6" started-at="2020-02-26T18:10:30Z" finished-at="2020-02-26T18:10:30Z">
          <reporter-output>
          </reporter-output>
        </test-method> <!-- elementUi -->
      </class> <!-- qaclickacademy.SeleniumTest -->
    </test> <!-- Test -->
  </suite> <!-- Suite -->
</testng-results>
